This file contains any messages produced by compilers while
running configure, to aid debugging if configure makes a mistake.

It was created by rtems-c-src-tests-samples configure 4.11.3, which was
generated by GNU Autoconf 2.69.  Invocation command line was

  $ ../../../../../../../c/src/../../testsuites/samples/configure --disable-option-checking --prefix=/home/anchorcentos/WorkSpace/EmbOS/Rtems/rtems_4.11.3/rtems-4.11.3/test_bsps/stm32f4 --host=arm-rtems4.11 --build=x86_64-unknown-linux-gnu --target=arm-rtems4.11 --with-target-subdir=arm-rtems4.11 --exec-prefix=/home/anchorcentos/WorkSpace/EmbOS/Rtems/rtems_4.11.3/rtems-4.11.3/test_bsps/stm32f4/arm-rtems4.11 --includedir=/home/anchorcentos/WorkSpace/EmbOS/Rtems/rtems_4.11.3/rtems-4.11.3/test_bsps/stm32f4/arm-rtems4.11/include build_alias=x86_64-unknown-linux-gnu host_alias=arm-rtems4.11 target_alias=arm-rtems4.11 --with-project-root=../../ --with-project-top=../../ RTEMS_BSP=stm32f4 RTEMS_BSP_FAMILY=stm32f4 CFLAGS=-march=armv7-m -mthumb -O2 -g -Wall -Wmissing-prototypes -Wimplicit-function-declaration -Wstrict-prototypes -Wnested-externs --enable-rtems-root=../ --enable-project-root=../../../stm32f4 --with-project-top=../../../ --enable-rtemsbsp=stm32f4 --includedir=/home/anchorcentos/WorkSpace/EmbOS/Rtems/rtems_4.11.3/rtems-4.11.3/test_bsps/stm32f4/arm-rtems4.11/stm32f4/lib/include --libdir=/home/anchorcentos/WorkSpace/EmbOS/Rtems/rtems_4.11.3/rtems-4.11.3/test_bsps/stm32f4/arm-rtems4.11/stm32f4/lib --cache-file=/dev/null --srcdir=../../../../../../../c/src/../../testsuites/samples

## --------- ##
## Platform. ##
## --------- ##

hostname = MiWiFi-R2D-srv
uname -m = x86_64
uname -r = 3.10.0-693.21.1.el7.x86_64
uname -s = Linux
uname -v = #1 SMP Wed Mar 7 19:03:37 UTC 2018

/usr/bin/uname -p = x86_64
/bin/uname -X     = unknown

/bin/arch              = x86_64
/usr/bin/arch -k       = unknown
/usr/convex/getsysinfo = unknown
/usr/bin/hostinfo      = unknown
/bin/machine           = unknown
/usr/bin/oslevel       = unknown
/bin/universe          = unknown

PATH: /usr/local/bin
PATH: /usr/bin
PATH: /usr/local/sbin
PATH: /usr/sbin
PATH: /opt/mssql-tools/bin
PATH: /home/anchorcentos/WorkSpace/CompileProjects/Compiler/ArmLinuxGcc/opt/FriendlyARM/toolschain/4.5.1/bin
PATH: /home/anchorcentos/bin
PATH: /home/anchorcentos/WorkSpace/CompileProjects/Modules/sokit/sokit/bin/debug
PATH: /home/anchorcentos/WorkSpace/CompileProjects/Compiler/ArmLinuxGcc/gcc-arm-none-eabi-5_4-2016q3/bin
PATH: /home/anchorcentos/WorkSpace/CompileProjects/Modules/node/node-v0.12.18-linux-x64/bin
PATH: /home/linuxbrew/.linuxbrew/bin
PATH: /home/anchorcentos/WorkSpace/CompileProjects/Compiler/ArmLinuxGcc/gcc-linaro-7.2.1-2017.11-x86_64_arm-linux-gnueabihf/bin
PATH: /home/anchorcentos/WorkSpace/EmbOS/Rtems/rtems_4.11.3/tools_installed/bin
PATH: /home/anchorcentos/.local/bin
PATH: /home/anchorcentos/bin
PATH: /opt/mssql-tools/bin


## ----------- ##
## Core tests. ##
## ----------- ##

configure:2466: checking for gmake
configure:2482: found /usr/bin/gmake
configure:2493: result: gmake
configure:2592: checking build system type
configure:2606: result: x86_64-unknown-linux-gnu
configure:2626: checking host system type
configure:2639: result: arm-unknown-rtems4.11
configure:2660: checking rtems target cpu
configure:2669: result: arm
configure:2695: checking for a BSD-compatible install
configure:2763: result: /usr/bin/install -c
configure:2774: checking whether build environment is sane
configure:2829: result: yes
configure:2888: checking for arm-rtems4.11-strip
configure:2904: found /home/anchorcentos/WorkSpace/EmbOS/Rtems/rtems_4.11.3/tools_installed/bin/arm-rtems4.11-strip
configure:2915: result: arm-rtems4.11-strip
configure:2980: checking for a thread-safe mkdir -p
configure:3019: result: /usr/bin/mkdir -p
configure:3026: checking for gawk
configure:3042: found /usr/bin/gawk
configure:3053: result: gawk
configure:3064: checking whether gmake sets $(MAKE)
configure:3086: result: yes
configure:3106: checking whether gmake supports nested variables
configure:3123: result: yes
configure:3199: checking whether to enable maintainer-specific portions of Makefiles
configure:3208: result: no
configure:3240: checking for RTEMS_BSP
configure:3252: result: stm32f4
configure:3288: checking for style of include used by gmake
configure:3316: result: GNU
configure:3352: checking for arm-rtems4.11-gcc
configure:3368: found /home/anchorcentos/WorkSpace/EmbOS/Rtems/rtems_4.11.3/tools_installed/bin/arm-rtems4.11-gcc
configure:3379: result: arm-rtems4.11-gcc
configure:3398: checking for arm-rtems4.11-gcc
configure:3425: result: arm-rtems4.11-gcc
configure:3694: checking for C compiler version
configure:3703: arm-rtems4.11-gcc --version >&5
arm-rtems4.11-gcc (GCC) 4.9.3 20150626 (RTEMS 4.11.3, RSB no-repo, Newlib 2.2.0.20150423)
Copyright (C) 2015 Free Software Foundation, Inc.
This is free software; see the source for copying conditions.  There is NO
warranty; not even for MERCHANTABILITY or FITNESS FOR A PARTICULAR PURPOSE.

configure:3714: $? = 0
configure:3703: arm-rtems4.11-gcc -v >&5
Using built-in specs.
COLLECT_GCC=arm-rtems4.11-gcc
COLLECT_LTO_WRAPPER=/home/anchorcentos/WorkSpace/EmbOS/Rtems/rtems_4.11.3/tools_installed/libexec/gcc/arm-rtems4.11/4.9.3/lto-wrapper
Target: arm-rtems4.11
Configured with: ../gcc-4.9.3/configure --prefix=/home/anchorcentos/WorkSpace/EmbOS/Rtems/rtems_4.11.3/tools_installed --bindir=/home/anchorcentos/WorkSpace/EmbOS/Rtems/rtems_4.11.3/tools_installed/bin --exec_prefix=/home/anchorcentos/WorkSpace/EmbOS/Rtems/rtems_4.11.3/tools_installed --includedir=/home/anchorcentos/WorkSpace/EmbOS/Rtems/rtems_4.11.3/tools_installed/include --libdir=/home/anchorcentos/WorkSpace/EmbOS/Rtems/rtems_4.11.3/tools_installed/lib --libexecdir=/home/anchorcentos/WorkSpace/EmbOS/Rtems/rtems_4.11.3/tools_installed/libexec --mandir=/home/anchorcentos/WorkSpace/EmbOS/Rtems/rtems_4.11.3/tools_installed/share/man --infodir=/home/anchorcentos/WorkSpace/EmbOS/Rtems/rtems_4.11.3/tools_installed/share/info --datadir=/home/anchorcentos/WorkSpace/EmbOS/Rtems/rtems_4.11.3/tools_installed/share --build=x86_64-linux-gnu --host=x86_64-linux-gnu --target=arm-rtems4.11 --disable-libstdcxx-pch --with-gnu-as --with-gnu-ld --verbose --with-newlib --with-system-zlib --disable-nls --without-included-gettext --disable-win32-registry --enable-version-specific-runtime-libs --disable-lto --enable-newlib-io-c99-formats --enable-newlib-iconv --enable-newlib-iconv-encodings=big5,cp775,cp850,cp852,cp855,cp866,euc_jp,euc_kr,euc_tw,iso_8859_1,iso_8859_10,iso_8859_11,iso_8859_13,iso_8859_14,iso_8859_15,iso_8859_2,iso_8859_3,iso_8859_4,iso_8859_5,iso_8859_6,iso_8859_7,iso_8859_8,iso_8859_9,iso_ir_111,koi8_r,koi8_ru,koi8_u,koi8_uni,ucs_2,ucs_2_internal,ucs_2be,ucs_2le,ucs_4,ucs_4_internal,ucs_4be,ucs_4le,us_ascii,utf_16,utf_16be,utf_16le,utf_8,win_1250,win_1251,win_1252,win_1253,win_1254,win_1255,win_1256,win_1257,win_1258 --enable-threads --disable-plugin --enable-obsolete --enable-libgomp --enable-languages=c,c++
Thread model: rtems
gcc version 4.9.3 20150626 (RTEMS 4.11.3, RSB no-repo, Newlib 2.2.0.20150423) (GCC) 
configure:3714: $? = 0
configure:3703: arm-rtems4.11-gcc -V >&5
arm-rtems4.11-gcc: error: unrecognized command line option '-V'
arm-rtems4.11-gcc: fatal error: no input files
compilation terminated.
configure:3714: $? = 1
configure:3703: arm-rtems4.11-gcc -qversion >&5
arm-rtems4.11-gcc: error: unrecognized command line option '-qversion'
arm-rtems4.11-gcc: fatal error: no input files
compilation terminated.
configure:3714: $? = 1
configure:3734: checking whether the C compiler works
configure:3756: arm-rtems4.11-gcc -march=armv7-m -mthumb -O2 -g -Wall -Wmissing-prototypes -Wimplicit-function-declaration -Wstrict-prototypes -Wnested-externs   conftest.c  >&5
conftest.c:11:1: warning: function declaration isn't a prototype [-Wstrict-prototypes]
 main ()
 ^
/home/anchorcentos/WorkSpace/EmbOS/Rtems/rtems_4.11.3/tools_installed/lib/gcc/arm-rtems4.11/4.9.3/../../../../arm-rtems4.11/bin/ld: warning: cannot find entry symbol _start; defaulting to 0000000000008000
configure:3760: $? = 0
configure:3808: result: yes
configure:3811: checking for C compiler default output file name
configure:3813: result: a.out
configure:3819: checking for suffix of executables
configure:3826: arm-rtems4.11-gcc -o conftest.exe -march=armv7-m -mthumb -O2 -g -Wall -Wmissing-prototypes -Wimplicit-function-declaration -Wstrict-prototypes -Wnested-externs   conftest.c  >&5
conftest.c:11:1: warning: function declaration isn't a prototype [-Wstrict-prototypes]
 main ()
 ^
/home/anchorcentos/WorkSpace/EmbOS/Rtems/rtems_4.11.3/tools_installed/lib/gcc/arm-rtems4.11/4.9.3/../../../../arm-rtems4.11/bin/ld: warning: cannot find entry symbol _start; defaulting to 0000000000008000
configure:3830: $? = 0
configure:3852: result: .exe
configure:3874: checking whether we are cross compiling
configure:3912: result: yes
configure:3917: checking for suffix of object files
configure:3939: arm-rtems4.11-gcc -c -march=armv7-m -mthumb -O2 -g -Wall -Wmissing-prototypes -Wimplicit-function-declaration -Wstrict-prototypes -Wnested-externs  conftest.c >&5
conftest.c:11:1: warning: function declaration isn't a prototype [-Wstrict-prototypes]
 main ()
 ^
configure:3943: $? = 0
configure:3964: result: o
configure:3968: checking whether we are using the GNU C compiler
configure:3987: arm-rtems4.11-gcc -c -march=armv7-m -mthumb -O2 -g -Wall -Wmissing-prototypes -Wimplicit-function-declaration -Wstrict-prototypes -Wnested-externs  conftest.c >&5
conftest.c:11:1: warning: function declaration isn't a prototype [-Wstrict-prototypes]
 main ()
 ^
configure:3987: $? = 0
configure:3996: result: yes
configure:4005: checking whether arm-rtems4.11-gcc accepts -g
configure:4025: arm-rtems4.11-gcc -c -g  conftest.c >&5
configure:4025: $? = 0
configure:4066: result: yes
configure:4083: checking for arm-rtems4.11-gcc option to accept ISO C89
configure:4146: arm-rtems4.11-gcc  -c -march=armv7-m -mthumb -O2 -g -Wall -Wmissing-prototypes -Wimplicit-function-declaration -Wstrict-prototypes -Wnested-externs  conftest.c >&5
conftest.c:15:14: warning: function declaration isn't a prototype [-Wstrict-prototypes]
 static char *e (p, i)
              ^
conftest.c:52:1: warning: function declaration isn't a prototype [-Wstrict-prototypes]
 main ()
 ^
configure:4146: $? = 0
configure:4159: result: none needed
configure:4181: checking dependency style of arm-rtems4.11-gcc
configure:4292: result: gcc3
configure:4312: checking how to run the C preprocessor
configure:4343: arm-rtems4.11-gcc -E  conftest.c
configure:4343: $? = 0
configure:4357: arm-rtems4.11-gcc -E  conftest.c
conftest.c:9:28: fatal error: ac_nonexistent.h: No such file or directory
 #include <ac_nonexistent.h>
                            ^
compilation terminated.
configure:4357: $? = 1
configure: failed program was:
| /* confdefs.h */
| #define PACKAGE_NAME "rtems-c-src-tests-samples"
| #define PACKAGE_TARNAME "rtems-c-src-tests-samples"
| #define PACKAGE_VERSION "4.11.3"
| #define PACKAGE_STRING "rtems-c-src-tests-samples 4.11.3"
| #define PACKAGE_BUGREPORT "https://devel.rtems.org/newticket"
| #define PACKAGE_URL ""
| /* end confdefs.h.  */
| #include <ac_nonexistent.h>
configure:4382: result: arm-rtems4.11-gcc -E
configure:4402: arm-rtems4.11-gcc -E  conftest.c
configure:4402: $? = 0
configure:4416: arm-rtems4.11-gcc -E  conftest.c
conftest.c:9:28: fatal error: ac_nonexistent.h: No such file or directory
 #include <ac_nonexistent.h>
                            ^
compilation terminated.
configure:4416: $? = 1
configure: failed program was:
| /* confdefs.h */
| #define PACKAGE_NAME "rtems-c-src-tests-samples"
| #define PACKAGE_TARNAME "rtems-c-src-tests-samples"
| #define PACKAGE_VERSION "4.11.3"
| #define PACKAGE_STRING "rtems-c-src-tests-samples 4.11.3"
| #define PACKAGE_BUGREPORT "https://devel.rtems.org/newticket"
| #define PACKAGE_URL ""
| /* end confdefs.h.  */
| #include <ac_nonexistent.h>
configure:4476: checking for RTEMS_SMP
configure:4490: arm-rtems4.11-gcc -c -march=armv7-m -mthumb -O2 -g -Wall -Wmissing-prototypes -Wimplicit-function-declaration -Wstrict-prototypes -Wnested-externs  -I../../../../stm32f4/lib/include conftest.c >&5
conftest.c:12:1: error: unknown type name 'choke'
 choke me
 ^
conftest.c:12:1: error: expected '=', ',', ';', 'asm' or '__attribute__' at end of input
configure:4490: $? = 1
configure: failed program was:
| /* confdefs.h */
| #define PACKAGE_NAME "rtems-c-src-tests-samples"
| #define PACKAGE_TARNAME "rtems-c-src-tests-samples"
| #define PACKAGE_VERSION "4.11.3"
| #define PACKAGE_STRING "rtems-c-src-tests-samples 4.11.3"
| #define PACKAGE_BUGREPORT "https://devel.rtems.org/newticket"
| #define PACKAGE_URL ""
| /* end confdefs.h.  */
| 
| #include <rtems/system.h>
| #ifndef RTEMS_SMP
| choke me
| #endif
| 
configure:4498: result: no
configure:4516: checking for arm-rtems4.11-g++
configure:4532: found /home/anchorcentos/WorkSpace/EmbOS/Rtems/rtems_4.11.3/tools_installed/bin/arm-rtems4.11-g++
configure:4543: result: arm-rtems4.11-g++
configure:5100: checking for arm-rtems4.11-ar
configure:5116: found /home/anchorcentos/WorkSpace/EmbOS/Rtems/rtems_4.11.3/tools_installed/bin/arm-rtems4.11-ar
configure:5128: result: arm-rtems4.11-ar
configure:5143: checking for arm-rtems4.11-as
configure:5159: found /home/anchorcentos/WorkSpace/EmbOS/Rtems/rtems_4.11.3/tools_installed/bin/arm-rtems4.11-as
configure:5171: result: arm-rtems4.11-as
configure:5186: checking for arm-rtems4.11-ld
configure:5202: found /home/anchorcentos/WorkSpace/EmbOS/Rtems/rtems_4.11.3/tools_installed/bin/arm-rtems4.11-ld
configure:5214: result: arm-rtems4.11-ld
configure:5229: checking for arm-rtems4.11-nm
configure:5245: found /home/anchorcentos/WorkSpace/EmbOS/Rtems/rtems_4.11.3/tools_installed/bin/arm-rtems4.11-nm
configure:5257: result: arm-rtems4.11-nm
configure:5273: checking for arm-rtems4.11-ranlib
configure:5289: found /home/anchorcentos/WorkSpace/EmbOS/Rtems/rtems_4.11.3/tools_installed/bin/arm-rtems4.11-ranlib
configure:5301: result: arm-rtems4.11-ranlib
configure:5317: checking for arm-rtems4.11-objcopy
configure:5333: found /home/anchorcentos/WorkSpace/EmbOS/Rtems/rtems_4.11.3/tools_installed/bin/arm-rtems4.11-objcopy
configure:5345: result: arm-rtems4.11-objcopy
configure:5360: checking for arm-rtems4.11-size
configure:5376: found /home/anchorcentos/WorkSpace/EmbOS/Rtems/rtems_4.11.3/tools_installed/bin/arm-rtems4.11-size
configure:5388: result: arm-rtems4.11-size
configure:5403: checking for arm-rtems4.11-strip
configure:5431: result: arm-rtems4.11-strip
configure:5446: checking for ../../make/custom/stm32f4.cfg
configure:5451: result: yes
configure:5481: checking for RTEMS_MULTIPROCESSING
configure:5495: arm-rtems4.11-gcc -c -march=armv7-m -mthumb -O2 -g -Wall -Wmissing-prototypes -Wimplicit-function-declaration -Wstrict-prototypes -Wnested-externs  -I../../../../stm32f4/lib/include conftest.c >&5
conftest.c:12:1: error: unknown type name 'choke'
 choke me
 ^
conftest.c:12:1: error: expected '=', ',', ';', 'asm' or '__attribute__' at end of input
configure:5495: $? = 1
configure: failed program was:
| /* confdefs.h */
| #define PACKAGE_NAME "rtems-c-src-tests-samples"
| #define PACKAGE_TARNAME "rtems-c-src-tests-samples"
| #define PACKAGE_VERSION "4.11.3"
| #define PACKAGE_STRING "rtems-c-src-tests-samples 4.11.3"
| #define PACKAGE_BUGREPORT "https://devel.rtems.org/newticket"
| #define PACKAGE_URL ""
| /* end confdefs.h.  */
| 
| #include <rtems/system.h>
| #ifndef RTEMS_MULTIPROCESSING
| choke me
| #endif
| 
configure:5503: result: no
configure:5507: checking whether to build rtems++
configure:5522: result: no
configure:5538: checking for RTEMS_NETWORKING
configure:5552: arm-rtems4.11-gcc -c -march=armv7-m -mthumb -O2 -g -Wall -Wmissing-prototypes -Wimplicit-function-declaration -Wstrict-prototypes -Wnested-externs  -I../../../../stm32f4/lib/include conftest.c >&5
configure:5552: $? = 0
configure:5560: result: yes
configure:5576: checking for RTEMS_SMP
configure:5598: result: no
configure:5606: checking for grep that handles long lines and -e
configure:5664: result: /usr/bin/grep
configure:5669: checking for egrep
configure:5731: result: /usr/bin/grep -E
configure:5736: checking for ANSI C header files
configure:5756: arm-rtems4.11-gcc -c -march=armv7-m -mthumb -O2 -g -Wall -Wmissing-prototypes -Wimplicit-function-declaration -Wstrict-prototypes -Wnested-externs  conftest.c >&5
conftest.c:15:1: warning: function declaration isn't a prototype [-Wstrict-prototypes]
 main ()
 ^
configure:5756: $? = 0
configure:5840: result: yes
configure:5853: checking for sys/types.h
configure:5853: arm-rtems4.11-gcc -c -march=armv7-m -mthumb -O2 -g -Wall -Wmissing-prototypes -Wimplicit-function-declaration -Wstrict-prototypes -Wnested-externs  conftest.c >&5
configure:5853: $? = 0
configure:5853: result: yes
configure:5853: checking for sys/stat.h
configure:5853: arm-rtems4.11-gcc -c -march=armv7-m -mthumb -O2 -g -Wall -Wmissing-prototypes -Wimplicit-function-declaration -Wstrict-prototypes -Wnested-externs  conftest.c >&5
configure:5853: $? = 0
configure:5853: result: yes
configure:5853: checking for stdlib.h
configure:5853: arm-rtems4.11-gcc -c -march=armv7-m -mthumb -O2 -g -Wall -Wmissing-prototypes -Wimplicit-function-declaration -Wstrict-prototypes -Wnested-externs  conftest.c >&5
configure:5853: $? = 0
configure:5853: result: yes
configure:5853: checking for string.h
configure:5853: arm-rtems4.11-gcc -c -march=armv7-m -mthumb -O2 -g -Wall -Wmissing-prototypes -Wimplicit-function-declaration -Wstrict-prototypes -Wnested-externs  conftest.c >&5
configure:5853: $? = 0
configure:5853: result: yes
configure:5853: checking for memory.h
configure:5853: arm-rtems4.11-gcc -c -march=armv7-m -mthumb -O2 -g -Wall -Wmissing-prototypes -Wimplicit-function-declaration -Wstrict-prototypes -Wnested-externs  conftest.c >&5
configure:5853: $? = 0
configure:5853: result: yes
configure:5853: checking for strings.h
configure:5853: arm-rtems4.11-gcc -c -march=armv7-m -mthumb -O2 -g -Wall -Wmissing-prototypes -Wimplicit-function-declaration -Wstrict-prototypes -Wnested-externs  conftest.c >&5
configure:5853: $? = 0
configure:5853: result: yes
configure:5853: checking for inttypes.h
configure:5853: arm-rtems4.11-gcc -c -march=armv7-m -mthumb -O2 -g -Wall -Wmissing-prototypes -Wimplicit-function-declaration -Wstrict-prototypes -Wnested-externs  conftest.c >&5
configure:5853: $? = 0
configure:5853: result: yes
configure:5853: checking for stdint.h
configure:5853: arm-rtems4.11-gcc -c -march=armv7-m -mthumb -O2 -g -Wall -Wmissing-prototypes -Wimplicit-function-declaration -Wstrict-prototypes -Wnested-externs  conftest.c >&5
configure:5853: $? = 0
configure:5853: result: yes
configure:5853: checking for unistd.h
configure:5853: arm-rtems4.11-gcc -c -march=armv7-m -mthumb -O2 -g -Wall -Wmissing-prototypes -Wimplicit-function-declaration -Wstrict-prototypes -Wnested-externs  conftest.c >&5
configure:5853: $? = 0
configure:5853: result: yes
configure:5971: checking size of time_t
configure:5976: arm-rtems4.11-gcc -c -march=armv7-m -mthumb -O2 -g -Wall -Wmissing-prototypes -Wimplicit-function-declaration -Wstrict-prototypes -Wnested-externs  conftest.c >&5
conftest.c:53:1: warning: function declaration isn't a prototype [-Wstrict-prototypes]
 main ()
 ^
configure:5976: $? = 0
configure:5976: arm-rtems4.11-gcc -c -march=armv7-m -mthumb -O2 -g -Wall -Wmissing-prototypes -Wimplicit-function-declaration -Wstrict-prototypes -Wnested-externs  conftest.c >&5
conftest.c:53:1: warning: function declaration isn't a prototype [-Wstrict-prototypes]
 main ()
 ^
conftest.c: In function 'main':
conftest.c:55:12: error: size of array 'test_array' is negative
 static int test_array [1 - 2 * !(((long int) (sizeof (time_t))) <= 0)];
            ^
configure:5976: $? = 1
configure: failed program was:
| /* confdefs.h */
| #define PACKAGE_NAME "rtems-c-src-tests-samples"
| #define PACKAGE_TARNAME "rtems-c-src-tests-samples"
| #define PACKAGE_VERSION "4.11.3"
| #define PACKAGE_STRING "rtems-c-src-tests-samples 4.11.3"
| #define PACKAGE_BUGREPORT "https://devel.rtems.org/newticket"
| #define PACKAGE_URL ""
| #define STDC_HEADERS 1
| #define HAVE_SYS_TYPES_H 1
| #define HAVE_SYS_STAT_H 1
| #define HAVE_STDLIB_H 1
| #define HAVE_STRING_H 1
| #define HAVE_MEMORY_H 1
| #define HAVE_STRINGS_H 1
| #define HAVE_INTTYPES_H 1
| #define HAVE_STDINT_H 1
| #define HAVE_UNISTD_H 1
| /* end confdefs.h.  */
| #include <stdio.h>
| #ifdef HAVE_SYS_TYPES_H
| # include <sys/types.h>
| #endif
| #ifdef HAVE_SYS_STAT_H
| # include <sys/stat.h>
| #endif
| #ifdef STDC_HEADERS
| # include <stdlib.h>
| # include <stddef.h>
| #else
| # ifdef HAVE_STDLIB_H
| #  include <stdlib.h>
| # endif
| #endif
| #ifdef HAVE_STRING_H
| # if !defined STDC_HEADERS && defined HAVE_MEMORY_H
| #  include <memory.h>
| # endif
| # include <string.h>
| #endif
| #ifdef HAVE_STRINGS_H
| # include <strings.h>
| #endif
| #ifdef HAVE_INTTYPES_H
| # include <inttypes.h>
| #endif
| #ifdef HAVE_STDINT_H
| # include <stdint.h>
| #endif
| #ifdef HAVE_UNISTD_H
| # include <unistd.h>
| #endif
| int
| main ()
| {
| static int test_array [1 - 2 * !(((long int) (sizeof (time_t))) <= 0)];
| test_array [0] = 0;
| return test_array [0];
| 
|   ;
|   return 0;
| }
configure:5976: arm-rtems4.11-gcc -c -march=armv7-m -mthumb -O2 -g -Wall -Wmissing-prototypes -Wimplicit-function-declaration -Wstrict-prototypes -Wnested-externs  conftest.c >&5
conftest.c:53:1: warning: function declaration isn't a prototype [-Wstrict-prototypes]
 main ()
 ^
conftest.c: In function 'main':
conftest.c:55:12: error: size of array 'test_array' is negative
 static int test_array [1 - 2 * !(((long int) (sizeof (time_t))) <= 1)];
            ^
configure:5976: $? = 1
configure: failed program was:
| /* confdefs.h */
| #define PACKAGE_NAME "rtems-c-src-tests-samples"
| #define PACKAGE_TARNAME "rtems-c-src-tests-samples"
| #define PACKAGE_VERSION "4.11.3"
| #define PACKAGE_STRING "rtems-c-src-tests-samples 4.11.3"
| #define PACKAGE_BUGREPORT "https://devel.rtems.org/newticket"
| #define PACKAGE_URL ""
| #define STDC_HEADERS 1
| #define HAVE_SYS_TYPES_H 1
| #define HAVE_SYS_STAT_H 1
| #define HAVE_STDLIB_H 1
| #define HAVE_STRING_H 1
| #define HAVE_MEMORY_H 1
| #define HAVE_STRINGS_H 1
| #define HAVE_INTTYPES_H 1
| #define HAVE_STDINT_H 1
| #define HAVE_UNISTD_H 1
| /* end confdefs.h.  */
| #include <stdio.h>
| #ifdef HAVE_SYS_TYPES_H
| # include <sys/types.h>
| #endif
| #ifdef HAVE_SYS_STAT_H
| # include <sys/stat.h>
| #endif
| #ifdef STDC_HEADERS
| # include <stdlib.h>
| # include <stddef.h>
| #else
| # ifdef HAVE_STDLIB_H
| #  include <stdlib.h>
| # endif
| #endif
| #ifdef HAVE_STRING_H
| # if !defined STDC_HEADERS && defined HAVE_MEMORY_H
| #  include <memory.h>
| # endif
| # include <string.h>
| #endif
| #ifdef HAVE_STRINGS_H
| # include <strings.h>
| #endif
| #ifdef HAVE_INTTYPES_H
| # include <inttypes.h>
| #endif
| #ifdef HAVE_STDINT_H
| # include <stdint.h>
| #endif
| #ifdef HAVE_UNISTD_H
| # include <unistd.h>
| #endif
| int
| main ()
| {
| static int test_array [1 - 2 * !(((long int) (sizeof (time_t))) <= 1)];
| test_array [0] = 0;
| return test_array [0];
| 
|   ;
|   return 0;
| }
configure:5976: arm-rtems4.11-gcc -c -march=armv7-m -mthumb -O2 -g -Wall -Wmissing-prototypes -Wimplicit-function-declaration -Wstrict-prototypes -Wnested-externs  conftest.c >&5
conftest.c:53:1: warning: function declaration isn't a prototype [-Wstrict-prototypes]
 main ()
 ^
conftest.c: In function 'main':
conftest.c:55:12: error: size of array 'test_array' is negative
 static int test_array [1 - 2 * !(((long int) (sizeof (time_t))) <= 3)];
            ^
configure:5976: $? = 1
configure: failed program was:
| /* confdefs.h */
| #define PACKAGE_NAME "rtems-c-src-tests-samples"
| #define PACKAGE_TARNAME "rtems-c-src-tests-samples"
| #define PACKAGE_VERSION "4.11.3"
| #define PACKAGE_STRING "rtems-c-src-tests-samples 4.11.3"
| #define PACKAGE_BUGREPORT "https://devel.rtems.org/newticket"
| #define PACKAGE_URL ""
| #define STDC_HEADERS 1
| #define HAVE_SYS_TYPES_H 1
| #define HAVE_SYS_STAT_H 1
| #define HAVE_STDLIB_H 1
| #define HAVE_STRING_H 1
| #define HAVE_MEMORY_H 1
| #define HAVE_STRINGS_H 1
| #define HAVE_INTTYPES_H 1
| #define HAVE_STDINT_H 1
| #define HAVE_UNISTD_H 1
| /* end confdefs.h.  */
| #include <stdio.h>
| #ifdef HAVE_SYS_TYPES_H
| # include <sys/types.h>
| #endif
| #ifdef HAVE_SYS_STAT_H
| # include <sys/stat.h>
| #endif
| #ifdef STDC_HEADERS
| # include <stdlib.h>
| # include <stddef.h>
| #else
| # ifdef HAVE_STDLIB_H
| #  include <stdlib.h>
| # endif
| #endif
| #ifdef HAVE_STRING_H
| # if !defined STDC_HEADERS && defined HAVE_MEMORY_H
| #  include <memory.h>
| # endif
| # include <string.h>
| #endif
| #ifdef HAVE_STRINGS_H
| # include <strings.h>
| #endif
| #ifdef HAVE_INTTYPES_H
| # include <inttypes.h>
| #endif
| #ifdef HAVE_STDINT_H
| # include <stdint.h>
| #endif
| #ifdef HAVE_UNISTD_H
| # include <unistd.h>
| #endif
| int
| main ()
| {
| static int test_array [1 - 2 * !(((long int) (sizeof (time_t))) <= 3)];
| test_array [0] = 0;
| return test_array [0];
| 
|   ;
|   return 0;
| }
configure:5976: arm-rtems4.11-gcc -c -march=armv7-m -mthumb -O2 -g -Wall -Wmissing-prototypes -Wimplicit-function-declaration -Wstrict-prototypes -Wnested-externs  conftest.c >&5
conftest.c:53:1: warning: function declaration isn't a prototype [-Wstrict-prototypes]
 main ()
 ^
configure:5976: $? = 0
configure:5976: arm-rtems4.11-gcc -c -march=armv7-m -mthumb -O2 -g -Wall -Wmissing-prototypes -Wimplicit-function-declaration -Wstrict-prototypes -Wnested-externs  conftest.c >&5
conftest.c:53:1: warning: function declaration isn't a prototype [-Wstrict-prototypes]
 main ()
 ^
configure:5976: $? = 0
configure:5976: arm-rtems4.11-gcc -c -march=armv7-m -mthumb -O2 -g -Wall -Wmissing-prototypes -Wimplicit-function-declaration -Wstrict-prototypes -Wnested-externs  conftest.c >&5
conftest.c:53:1: warning: function declaration isn't a prototype [-Wstrict-prototypes]
 main ()
 ^
configure:5976: $? = 0
configure:5990: result: 4
configure:6113: checking that generated files are newer than configure
configure:6119: result: done
configure:6170: creating ./config.status

## ---------------------- ##
## Running config.status. ##
## ---------------------- ##

This file was extended by rtems-c-src-tests-samples config.status 4.11.3, which was
generated by GNU Autoconf 2.69.  Invocation command line was

  CONFIG_FILES    = 
  CONFIG_HEADERS  = 
  CONFIG_LINKS    = 
  CONFIG_COMMANDS = 
  $ ./config.status 

on MiWiFi-R2D-srv

config.status:918: creating Makefile
config.status:918: creating base_sp/Makefile
config.status:918: creating hello/Makefile
config.status:918: creating loopback/Makefile
config.status:918: creating minimum/Makefile
config.status:918: creating fileio/Makefile
config.status:918: creating nsecs/Makefile
config.status:918: creating paranoia/Makefile
config.status:918: creating ticker/Makefile
config.status:918: creating unlimited/Makefile
config.status:918: creating base_mp/Makefile
config.status:918: creating base_mp/node1/Makefile
config.status:918: creating base_mp/node2/Makefile
config.status:918: creating iostream/Makefile
config.status:918: creating cdtest/Makefile
config.status:918: creating pppd/Makefile
config.status:918: creating capture/Makefile
config.status:918: creating config.h
config.status:1132: executing depfiles commands

## ---------------- ##
## Cache variables. ##
## ---------------- ##

ac_cv_build=x86_64-unknown-linux-gnu
ac_cv_c_compiler_gnu=yes
ac_cv_env_CCC_set=
ac_cv_env_CCC_value=
ac_cv_env_CC_set=
ac_cv_env_CC_value=
ac_cv_env_CFLAGS_set=set
ac_cv_env_CFLAGS_value='-march=armv7-m -mthumb -O2 -g -Wall -Wmissing-prototypes -Wimplicit-function-declaration -Wstrict-prototypes -Wnested-externs'
ac_cv_env_CPPFLAGS_set=
ac_cv_env_CPPFLAGS_value=
ac_cv_env_CPP_set=
ac_cv_env_CPP_value=
ac_cv_env_CXXCPP_set=
ac_cv_env_CXXCPP_value=
ac_cv_env_CXXFLAGS_set=
ac_cv_env_CXXFLAGS_value=
ac_cv_env_CXX_set=
ac_cv_env_CXX_value=
ac_cv_env_LDFLAGS_set=
ac_cv_env_LDFLAGS_value=
ac_cv_env_LIBS_set=
ac_cv_env_LIBS_value=
ac_cv_env_RTEMS_BSP_FAMILY_set=set
ac_cv_env_RTEMS_BSP_FAMILY_value=stm32f4
ac_cv_env_RTEMS_BSP_set=set
ac_cv_env_RTEMS_BSP_value=stm32f4
ac_cv_env_build_alias_set=set
ac_cv_env_build_alias_value=x86_64-unknown-linux-gnu
ac_cv_env_host_alias_set=set
ac_cv_env_host_alias_value=arm-rtems4.11
ac_cv_env_target_alias_set=set
ac_cv_env_target_alias_value=arm-rtems4.11
ac_cv_exeext=.exe
ac_cv_header_inttypes_h=yes
ac_cv_header_memory_h=yes
ac_cv_header_stdc=yes
ac_cv_header_stdint_h=yes
ac_cv_header_stdlib_h=yes
ac_cv_header_string_h=yes
ac_cv_header_strings_h=yes
ac_cv_header_sys_stat_h=yes
ac_cv_header_sys_types_h=yes
ac_cv_header_unistd_h=yes
ac_cv_host=arm-unknown-rtems4.11
ac_cv_objext=o
ac_cv_path_EGREP='/usr/bin/grep -E'
ac_cv_path_GREP=/usr/bin/grep
ac_cv_path_install='/usr/bin/install -c'
ac_cv_path_mkdir=/usr/bin/mkdir
ac_cv_prog_AR=arm-rtems4.11-ar
ac_cv_prog_AS=arm-rtems4.11-as
ac_cv_prog_AWK=gawk
ac_cv_prog_CC=arm-rtems4.11-gcc
ac_cv_prog_CPP='arm-rtems4.11-gcc -E'
ac_cv_prog_CXX=arm-rtems4.11-g++
ac_cv_prog_LD=arm-rtems4.11-ld
ac_cv_prog_MAKE=gmake
ac_cv_prog_NM=arm-rtems4.11-nm
ac_cv_prog_OBJCOPY=arm-rtems4.11-objcopy
ac_cv_prog_RANLIB=arm-rtems4.11-ranlib
ac_cv_prog_SIZE=arm-rtems4.11-size
ac_cv_prog_STRIP=arm-rtems4.11-strip
ac_cv_prog_cc_c89=
ac_cv_prog_cc_g=yes
ac_cv_prog_make_gmake_set=yes
ac_cv_sizeof_time_t=4
am_cv_CC_dependencies_compiler_type=gcc3
am_cv_make_support_nested_variables=yes
rtems_cv_HAS_CPLUSPLUS=no
rtems_cv_RTEMS_BSP=stm32f4
rtems_cv_RTEMS_MULTIPROCESSING=no
rtems_cv_RTEMS_NETWORKING=yes
rtems_cv_RTEMS_SMP=no

## ----------------- ##
## Output variables. ##
## ----------------- ##

ACLOCAL='${SHELL} /home/anchorcentos/WorkSpace/EmbOS/Rtems/rtems_4.11.3/rtems-4.11.3/missing aclocal-1.13'
AMDEPBACKSLASH='\'
AMDEP_FALSE='#'
AMDEP_TRUE=''
AMTAR='$${TAR-tar}'
AM_BACKSLASH='\'
AM_DEFAULT_V='$(AM_DEFAULT_VERBOSITY)'
AM_DEFAULT_VERBOSITY='1'
AM_V='$(V)'
AR='arm-rtems4.11-ar'
AS='arm-rtems4.11-as'
AUTOCONF='${SHELL} /home/anchorcentos/WorkSpace/EmbOS/Rtems/rtems_4.11.3/rtems-4.11.3/missing autoconf'
AUTOHEADER='${SHELL} /home/anchorcentos/WorkSpace/EmbOS/Rtems/rtems_4.11.3/rtems-4.11.3/missing autoheader'
AUTOMAKE='${SHELL} /home/anchorcentos/WorkSpace/EmbOS/Rtems/rtems_4.11.3/rtems-4.11.3/missing automake-1.13'
AWK='gawk'
BIN2C='$(PROJECT_TOPdir)/tools/build/rtems-bin2c'
CC='arm-rtems4.11-gcc'
CCDEPMODE='depmode=gcc3'
CFLAGS='-march=armv7-m -mthumb -O2 -g -Wall -Wmissing-prototypes -Wimplicit-function-declaration -Wstrict-prototypes -Wnested-externs'
CPP='arm-rtems4.11-gcc -E'
CPPFLAGS=''
CPUKIT_ROOT=''
CXX='arm-rtems4.11-g++'
CXXCPP=''
CXXDEPMODE=''
CXXFLAGS='-march=armv7-m -mthumb -O2 -g -Wall -Wmissing-prototypes -Wimplicit-function-declaration -Wstrict-prototypes -Wnested-externs'
CXXTESTS_FALSE=''
CXXTESTS_TRUE='#'
CYGPATH_W='echo'
DEFS='-DHAVE_CONFIG_H'
DEPDIR='.deps'
ECHO_C=''
ECHO_N='-n'
ECHO_T=''
EGREP='/usr/bin/grep -E'
ENDIF='endif'
EXEEXT='.exe'
GCCSPECS=' -B$(PROJECT_ROOT)/lib/ -specs bsp_specs -qrtems'
GREP='/usr/bin/grep'
HAS_CPLUSPLUS='no'
HAS_SMP_FALSE=''
HAS_SMP_TRUE='#'
INSTALL_DATA='${INSTALL} -m 644'
INSTALL_PROGRAM='${INSTALL}'
INSTALL_SCRIPT='${INSTALL}'
INSTALL_STRIP_PROGRAM='$(install_sh) -c -s'
LD='arm-rtems4.11-ld'
LDFLAGS=''
LIBOBJS=''
LIBS=''
LTLIBOBJS=''
MAINT='#'
MAINTAINER_MODE_FALSE=''
MAINTAINER_MODE_TRUE='#'
MAKE='gmake'
MAKEINFO='${SHELL} /home/anchorcentos/WorkSpace/EmbOS/Rtems/rtems_4.11.3/rtems-4.11.3/missing makeinfo'
MKDIR_P='/usr/bin/mkdir -p'
MPTESTS_FALSE=''
MPTESTS_TRUE='#'
NETTESTS_FALSE='#'
NETTESTS_TRUE=''
NM='arm-rtems4.11-nm'
OBJCOPY='arm-rtems4.11-objcopy'
OBJEXT='o'
PACKAGE='rtems-c-src-tests-samples'
PACKAGE_BUGREPORT='https://devel.rtems.org/newticket'
PACKAGE_NAME='rtems-c-src-tests-samples'
PACKAGE_STRING='rtems-c-src-tests-samples 4.11.3'
PACKAGE_TARNAME='rtems-c-src-tests-samples'
PACKAGE_URL=''
PACKAGE_VERSION='4.11.3'
PACKHEX='$(PROJECT_TOPdir)/tools/build/packhex'
PATH_SEPARATOR=':'
PROJECT_INCLUDE='$(PROJECT_ROOT)/lib/include'
PROJECT_LIB='$(PROJECT_ROOT)/lib'
PROJECT_RELEASE='$(PROJECT_ROOT)'
PROJECT_ROOT='$(top_builddir)/../../../../stm32f4'
PROJECT_TOPdir='../../../../../$(top_builddir)'
RANLIB='arm-rtems4.11-ranlib'
RTEMS_BSP='stm32f4'
RTEMS_BSP_FAMILY='stm32f4'
RTEMS_CPU='arm'
RTEMS_ROOT='$(top_builddir)/../../'
RTEMS_TOPdir='../..'
SET_MAKE=''
SHELL='/bin/sh'
SIZE='arm-rtems4.11-size'
STRIP='arm-rtems4.11-strip'
VERSION='4.11.3'
ac_ct_CC=''
ac_ct_CXX=''
am__EXEEXT_FALSE='#'
am__EXEEXT_TRUE=''
am__fastdepCC_FALSE='#'
am__fastdepCC_TRUE=''
am__fastdepCXX_FALSE=''
am__fastdepCXX_TRUE='#'
am__include='include'
am__isrc=' -I$(srcdir)'
am__leading_dot='.'
am__nodep='_no'
am__quote=''
am__tar='$${TAR-tar} chof - "$$tardir"'
am__untar='$${TAR-tar} xf -'
bindir='${exec_prefix}/bin'
build='x86_64-unknown-linux-gnu'
build_alias='x86_64-unknown-linux-gnu'
build_cpu='x86_64'
build_os='linux-gnu'
build_vendor='unknown'
datadir='${datarootdir}'
datarootdir='${prefix}/share'
docdir='${datarootdir}/doc/${PACKAGE_TARNAME}'
dvidir='${docdir}'
exec_prefix='/home/anchorcentos/WorkSpace/EmbOS/Rtems/rtems_4.11.3/rtems-4.11.3/test_bsps/stm32f4/arm-rtems4.11'
host='arm-unknown-rtems4.11'
host_alias='arm-rtems4.11'
host_cpu='arm'
host_os='rtems4.11'
host_vendor='unknown'
htmldir='${docdir}'
includedir='/home/anchorcentos/WorkSpace/EmbOS/Rtems/rtems_4.11.3/rtems-4.11.3/test_bsps/stm32f4/arm-rtems4.11/stm32f4/lib/include'
infodir='${datarootdir}/info'
install_sh='${SHELL} /home/anchorcentos/WorkSpace/EmbOS/Rtems/rtems_4.11.3/rtems-4.11.3/install-sh'
libdir='/home/anchorcentos/WorkSpace/EmbOS/Rtems/rtems_4.11.3/rtems-4.11.3/test_bsps/stm32f4/arm-rtems4.11/stm32f4/lib'
libexecdir='${exec_prefix}/libexec'
localedir='${datarootdir}/locale'
localstatedir='${prefix}/var'
mandir='${datarootdir}/man'
mkdir_p='$(MKDIR_P)'
oldincludedir='/usr/include'
pdfdir='${docdir}'
prefix='/home/anchorcentos/WorkSpace/EmbOS/Rtems/rtems_4.11.3/rtems-4.11.3/test_bsps/stm32f4'
program_transform_name='s,x,x,'
psdir='${docdir}'
rtems_testsdir='$(libdir)/rtems-4.11/tests'
sbindir='${exec_prefix}/sbin'
sharedstatedir='${prefix}/com'
sysconfdir='${prefix}/etc'
target_alias='arm-rtems4.11'

## ----------- ##
## confdefs.h. ##
## ----------- ##

/* confdefs.h */
#define PACKAGE_NAME "rtems-c-src-tests-samples"
#define PACKAGE_TARNAME "rtems-c-src-tests-samples"
#define PACKAGE_VERSION "4.11.3"
#define PACKAGE_STRING "rtems-c-src-tests-samples 4.11.3"
#define PACKAGE_BUGREPORT "https://devel.rtems.org/newticket"
#define PACKAGE_URL ""
#define STDC_HEADERS 1
#define HAVE_SYS_TYPES_H 1
#define HAVE_SYS_STAT_H 1
#define HAVE_STDLIB_H 1
#define HAVE_STRING_H 1
#define HAVE_MEMORY_H 1
#define HAVE_STRINGS_H 1
#define HAVE_INTTYPES_H 1
#define HAVE_STDINT_H 1
#define HAVE_UNISTD_H 1
#define SIZEOF_TIME_T 4

configure: exit 0
